[debug] [2021-11-23T14:54:56.947Z] ----------------------------------------------------------------------
[debug] [2021-11-23T14:54:56.957Z] Command:       C:\Program Files\nodejs\node.exe C:\Users\DELL\AppData\Roaming\npm\node_modules\firebase-tools\lib\bin\firebase.js deploy
[debug] [2021-11-23T14:54:56.957Z] CLI Version:   9.20.0
[debug] [2021-11-23T14:54:56.957Z] Platform:      win32
[debug] [2021-11-23T14:54:56.958Z] Node Version:  v14.17.1
[debug] [2021-11-23T14:54:57.111Z] Time:          Tue Nov 23 2021 20:54:56 GMT+0600 (Bangladesh Standard Time)
[debug] [2021-11-23T14:54:57.112Z] ----------------------------------------------------------------------
[debug] 
[debug] [2021-11-23T14:54:57.271Z] > command requires scopes: ["email","openid","https://www.googleapis.com/auth/cloudplatformprojects.readonly","https://www.googleapis.com/auth/firebase","https://www.googleapis.com/auth/cloud-platform"]
[debug] [2021-11-23T14:54:57.272Z] > authorizing via signed-in user (niloyhakim09@gmail.com)
[debug] [2021-11-23T14:54:57.272Z] [iam] checking project react-assignment-7604c for permissions ["firebase.projects.get","firebasehosting.sites.update"]
[debug] [2021-11-23T14:54:57.276Z] > refreshing access token with scopes: ["email","https://www.googleapis.com/auth/cloud-platform","https://www.googleapis.com/auth/cloudplatformprojects.readonly","https://www.googleapis.com/auth/firebase","openid"]
[debug] [2021-11-23T14:54:57.276Z] >>> HTTP REQUEST POST https://www.googleapis.com/oauth2/v3/token  
 <request body omitted>
[debug] [2021-11-23T14:54:59.350Z] <<< HTTP RESPONSE 200 {"date":"Tue, 23 Nov 2021 14:54:58 GMT","expires":"Mon, 01 Jan 1990 00:00:00 GMT","cache-control":"no-cache, no-store, max-age=0, must-revalidate","pragma":"no-cache","content-type":"application/json; charset=utf-8","vary":"X-Origin, Referer, Origin,Accept-Encoding","server":"scaffolding on HTTPServer2","x-xss-protection":"0","x-frame-options":"SAMEORIGIN","x-content-type-options":"nosniff","alt-svc":"h3=\":443\"; ma=2592000,h3-29=\":443\"; ma=2592000,h3-Q050=\":443\"; ma=2592000,h3-Q046=\":443\"; ma=2592000,h3-Q043=\":443\"; ma=2592000,quic=\":443\"; ma=2592000; v=\"46,43\"","accept-ranges":"none","transfer-encoding":"chunked"}
[debug] [2021-11-23T14:54:59.475Z] >>> HTTP REQUEST POST https://cloudresourcemanager.googleapis.com/v1/projects/react-assignment-7604c:testIamPermissions  
 {"permissions":["firebase.projects.get","firebasehosting.sites.update"]}
[debug] [2021-11-23T14:55:02.215Z] <<< HTTP RESPONSE 200 {"content-type":"application/json; charset=UTF-8","vary":"X-Origin, Referer, Origin,Accept-Encoding","date":"Tue, 23 Nov 2021 14:55:01 GMT","server":"ESF","cache-control":"private","x-xss-protection":"0","x-frame-options":"SAMEORIGIN","x-content-type-options":"nosniff","server-timing":"gfet4t7; dur=1051","alt-svc":"h3=\":443\"; ma=2592000,h3-29=\":443\"; ma=2592000,h3-Q050=\":443\"; ma=2592000,h3-Q046=\":443\"; ma=2592000,h3-Q043=\":443\"; ma=2592000,quic=\":443\"; ma=2592000; v=\"46,43\"","accept-ranges":"none","transfer-encoding":"chunked"}
[debug] [2021-11-23T14:55:02.216Z] [iam] error while checking permissions, command may fail: FirebaseError: Authorization failed. This account is missing the following required permissions on project react-assignment-7604c:

  firebase.projects.get
  firebasehosting.sites.update
[debug] [2021-11-23T14:55:02.218Z] > refreshing access token with scopes: []
[debug] [2021-11-23T14:55:02.218Z] >>> HTTP REQUEST POST https://www.googleapis.com/oauth2/v3/token  
 <request body omitted>
[debug] [2021-11-23T14:55:03.421Z] <<< HTTP RESPONSE 200 {"date":"Tue, 23 Nov 2021 14:55:02 GMT","expires":"Mon, 01 Jan 1990 00:00:00 GMT","cache-control":"no-cache, no-store, max-age=0, must-revalidate","pragma":"no-cache","content-type":"application/json; charset=utf-8","vary":"X-Origin, Referer, Origin,Accept-Encoding","server":"scaffolding on HTTPServer2","x-xss-protection":"0","x-frame-options":"SAMEORIGIN","x-content-type-options":"nosniff","alt-svc":"h3=\":443\"; ma=2592000,h3-29=\":443\"; ma=2592000,h3-Q050=\":443\"; ma=2592000,h3-Q046=\":443\"; ma=2592000,h3-Q043=\":443\"; ma=2592000,quic=\":443\"; ma=2592000; v=\"46,43\"","accept-ranges":"none","transfer-encoding":"chunked"}
[debug] [2021-11-23T14:55:03.869Z] >>> [apiv2][query] GET https://firebase.googleapis.com/v1beta1/projects/react-assignment-7604c [none]
[debug] [2021-11-23T14:55:05.400Z] <<< [apiv2][status] GET https://firebase.googleapis.com/v1beta1/projects/react-assignment-7604c 403
[debug] [2021-11-23T14:55:05.401Z] <<< [apiv2][body] GET https://firebase.googleapis.com/v1beta1/projects/react-assignment-7604c {"error":{"code":403,"message":"The caller does not have permission","status":"PERMISSION_DENIED"}}
[debug] [2021-11-23T14:55:05.401Z] HTTP Error: 403, The caller does not have permission
[debug] [2021-11-23T14:55:06.692Z] FirebaseError: HTTP Error: 403, The caller does not have permission
    at module.exports (C:\Users\DELL\AppData\Roaming\npm\node_modules\firebase-tools\lib\responseToError.js:38:12)
    at Client.doRequest (C:\Users\DELL\AppData\Roaming\npm\node_modules\firebase-tools\lib\apiv2.js:238:23)
    at processTicksAndRejections (internal/process/task_queues.js:95:5)
    at async Client.request (C:\Users\DELL\AppData\Roaming\npm\node_modules\firebase-tools\lib\apiv2.js:96:20)
    at async Object.getFirebaseProject (C:\Users\DELL\AppData\Roaming\npm\node_modules\firebase-tools\lib\management\projects.js:290:21)
    at async Object.getDefaultHostingSite (C:\Users\DELL\AppData\Roaming\npm\node_modules\firebase-tools\lib\getDefaultHostingSite.js:8:21)
    at async requireHostingSite (C:\Users\DELL\AppData\Roaming\npm\node_modules\firebase-tools\lib\requireHostingSite.js:9:18)
    at async Object.fn (C:\Users\DELL\AppData\Roaming\npm\node_modules\firebase-tools\lib\commands\deploy.js:65:9)
    at async C:\Users\DELL\AppData\Roaming\npm\node_modules\firebase-tools\lib\command.js:188:17
[error] 
[error] Error: Failed to get Firebase project react-assignment-7604c. Please make sure the project exists and your account has permission to access it.
